04/20 02:19:32 PM | Lr:0.01 epoch: 0
04/20 02:20:00 PM | Epoch: [0][   0/1501]	Time 27.936 (27.936)	Data 19.319 (19.319)	Loss 0.0038 (0.0038)
04/20 02:47:24 PM | Lr:0.01 epoch: 1
04/20 02:47:28 PM | Epoch: [1][   0/1501]	Time  4.255 ( 4.255)	Data  2.774 ( 2.774)	Loss -1.6736 (-1.6736)
04/20 03:08:48 PM | Lr:0.01 epoch: 2
04/20 03:08:52 PM | Epoch: [2][   0/1501]	Time  4.776 ( 4.776)	Data  3.451 ( 3.451)	Loss -1.5547 (-1.5547)
04/20 03:31:25 PM | Lr:0.01 epoch: 3
04/20 03:31:28 PM | Epoch: [3][   0/1501]	Time  3.833 ( 3.833)	Data  2.760 ( 2.760)	Loss -1.6178 (-1.6178)
04/20 03:52:50 PM | Lr:0.01 epoch: 4
04/20 03:52:55 PM | Epoch: [4][   0/1501]	Time  5.079 ( 5.079)	Data  3.471 ( 3.471)	Loss -1.4069 (-1.4069)
04/20 04:13:27 PM | Lr:0.01 epoch: 5
04/20 04:13:32 PM | Epoch: [5][   0/1501]	Time  5.449 ( 5.449)	Data  3.640 ( 3.640)	Loss -1.3506 (-1.3506)
04/20 04:21:40 PM | Lr:0.01 epoch: 5
04/20 04:21:51 PM | Epoch: [5][   0/1501]	Time  9.524 ( 9.524)	Data  6.575 ( 6.575)	Loss -1.4194 (-1.4194)
04/20 04:35:34 PM | Lr:0.01 epoch: 6
04/20 04:35:35 PM | Epoch: [6][   0/1501]	Time  1.601 ( 1.601)	Data  1.382 ( 1.382)	Loss -1.5262 (-1.5262)
04/20 04:42:36 PM | Lr:0.01 epoch: 7
04/20 04:42:38 PM | Epoch: [7][   0/1501]	Time  1.809 ( 1.809)	Data  1.590 ( 1.590)	Loss -1.5526 (-1.5526)
04/20 04:49:38 PM | Lr:0.01 epoch: 8
04/20 04:49:40 PM | Epoch: [8][   0/1501]	Time  1.719 ( 1.719)	Data  1.502 ( 1.502)	Loss -1.5560 (-1.5560)
04/20 04:56:41 PM | Lr:0.01 epoch: 9
04/20 04:56:42 PM | Epoch: [9][   0/1501]	Time  1.727 ( 1.727)	Data  1.524 ( 1.524)	Loss -1.6034 (-1.6034)
04/20 05:03:43 PM | Lr:0.01 epoch: 10
04/20 05:03:45 PM | Epoch: [10][   0/1501]	Time  1.768 ( 1.768)	Data  1.553 ( 1.553)	Loss -1.4601 (-1.4601)
04/20 05:10:46 PM | Lr:0.01 epoch: 11
04/20 05:10:47 PM | Epoch: [11][   0/1501]	Time  1.742 ( 1.742)	Data  1.538 ( 1.538)	Loss -1.3844 (-1.3844)
04/20 05:17:48 PM | Lr:0.01 epoch: 12
04/20 05:17:50 PM | Epoch: [12][   0/1501]	Time  1.810 ( 1.810)	Data  1.598 ( 1.598)	Loss -1.5133 (-1.5133)
04/20 05:24:51 PM | Lr:0.01 epoch: 13
04/20 05:24:52 PM | Epoch: [13][   0/1501]	Time  1.720 ( 1.720)	Data  1.515 ( 1.515)	Loss -1.5702 (-1.5702)
04/20 05:31:53 PM | Lr:0.01 epoch: 14
04/20 05:31:55 PM | Epoch: [14][   0/1501]	Time  1.783 ( 1.783)	Data  1.579 ( 1.579)	Loss -1.5528 (-1.5528)
04/20 05:38:55 PM | Lr:0.01 epoch: 15
04/20 05:38:57 PM | Epoch: [15][   0/1501]	Time  1.669 ( 1.669)	Data  1.466 ( 1.466)	Loss -1.5262 (-1.5262)
04/20 05:45:58 PM | Lr:0.01 epoch: 16
04/20 05:46:00 PM | Epoch: [16][   0/1501]	Time  1.746 ( 1.746)	Data  1.528 ( 1.528)	Loss -1.3790 (-1.3790)
04/20 05:53:00 PM | Lr:0.01 epoch: 17
04/20 05:53:02 PM | Epoch: [17][   0/1501]	Time  1.780 ( 1.780)	Data  1.570 ( 1.570)	Loss -1.4994 (-1.4994)
04/20 06:00:03 PM | Lr:0.01 epoch: 18
04/20 06:00:05 PM | Epoch: [18][   0/1501]	Time  1.765 ( 1.765)	Data  1.554 ( 1.554)	Loss -1.5632 (-1.5632)
04/20 06:07:05 PM | Lr:0.01 epoch: 19
04/20 06:07:07 PM | Epoch: [19][   0/1501]	Time  1.722 ( 1.722)	Data  1.508 ( 1.508)	Loss -1.4525 (-1.4525)
04/20 06:14:08 PM | Lr:0.01 epoch: 20
04/20 06:14:09 PM | Epoch: [20][   0/1501]	Time  1.762 ( 1.762)	Data  1.550 ( 1.550)	Loss -1.4224 (-1.4224)
04/20 06:21:10 PM | Lr:0.01 epoch: 21
04/20 06:21:12 PM | Epoch: [21][   0/1501]	Time  1.726 ( 1.726)	Data  1.511 ( 1.511)	Loss -1.6035 (-1.6035)
04/20 06:28:13 PM | Lr:0.01 epoch: 22
04/20 06:28:14 PM | Epoch: [22][   0/1501]	Time  1.780 ( 1.780)	Data  1.570 ( 1.570)	Loss -1.4589 (-1.4589)
04/20 06:35:15 PM | Lr:0.01 epoch: 23
04/20 06:35:17 PM | Epoch: [23][   0/1501]	Time  1.729 ( 1.729)	Data  1.525 ( 1.525)	Loss -1.4380 (-1.4380)
04/20 06:42:18 PM | Lr:0.01 epoch: 24
04/20 06:42:19 PM | Epoch: [24][   0/1501]	Time  1.764 ( 1.764)	Data  1.545 ( 1.545)	Loss -1.5255 (-1.5255)
04/20 06:49:20 PM | Lr:0.01 epoch: 25
04/20 06:49:22 PM | Epoch: [25][   0/1501]	Time  1.761 ( 1.761)	Data  1.549 ( 1.549)	Loss -1.4776 (-1.4776)
04/20 06:56:22 PM | Lr:0.01 epoch: 26
04/20 06:56:24 PM | Epoch: [26][   0/1501]	Time  1.739 ( 1.739)	Data  1.536 ( 1.536)	Loss -1.4894 (-1.4894)
04/20 07:03:25 PM | Lr:0.01 epoch: 27
04/20 07:03:26 PM | Epoch: [27][   0/1501]	Time  1.764 ( 1.764)	Data  1.561 ( 1.561)	Loss -1.4745 (-1.4745)
04/20 07:10:27 PM | Lr:0.01 epoch: 28
04/20 07:10:29 PM | Epoch: [28][   0/1501]	Time  1.751 ( 1.751)	Data  1.547 ( 1.547)	Loss -1.5732 (-1.5732)
04/20 07:17:30 PM | Lr:0.01 epoch: 29
04/20 07:17:31 PM | Epoch: [29][   0/1501]	Time  1.636 ( 1.636)	Data  1.428 ( 1.428)	Loss -1.6050 (-1.6050)
04/20 07:24:32 PM | Lr:0.01 epoch: 30
04/20 07:24:34 PM | Epoch: [30][   0/1501]	Time  1.777 ( 1.777)	Data  1.573 ( 1.573)	Loss -1.5165 (-1.5165)
04/20 07:31:35 PM | Lr:0.01 epoch: 31
04/20 07:31:36 PM | Epoch: [31][   0/1501]	Time  1.749 ( 1.749)	Data  1.532 ( 1.532)	Loss -1.5299 (-1.5299)
04/20 07:38:37 PM | Lr:0.01 epoch: 32
04/20 07:38:39 PM | Epoch: [32][   0/1501]	Time  1.751 ( 1.751)	Data  1.548 ( 1.548)	Loss -1.4731 (-1.4731)
04/20 07:45:40 PM | Lr:0.01 epoch: 33
04/20 07:45:41 PM | Epoch: [33][   0/1501]	Time  1.740 ( 1.740)	Data  1.528 ( 1.528)	Loss -1.5922 (-1.5922)
04/20 07:52:43 PM | Lr:0.01 epoch: 34
04/20 07:52:45 PM | Epoch: [34][   0/1501]	Time  1.856 ( 1.856)	Data  1.638 ( 1.638)	Loss -1.0497 (-1.0497)
04/20 07:59:46 PM | Lr:0.01 epoch: 35
04/20 07:59:48 PM | Epoch: [35][   0/1501]	Time  1.796 ( 1.796)	Data  1.581 ( 1.581)	Loss -1.5409 (-1.5409)
04/20 08:06:49 PM | Lr:0.01 epoch: 36
04/20 08:06:50 PM | Epoch: [36][   0/1501]	Time  1.733 ( 1.733)	Data  1.529 ( 1.529)	Loss -1.3998 (-1.3998)
04/20 08:13:51 PM | Lr:0.01 epoch: 37
04/20 08:13:53 PM | Epoch: [37][   0/1501]	Time  1.750 ( 1.750)	Data  1.545 ( 1.545)	Loss -1.5708 (-1.5708)
04/20 08:20:54 PM | Lr:0.01 epoch: 38
04/20 08:20:56 PM | Epoch: [38][   0/1501]	Time  1.772 ( 1.772)	Data  1.553 ( 1.553)	Loss -1.6461 (-1.6461)
04/20 08:27:56 PM | Lr:0.01 epoch: 39
04/20 08:27:58 PM | Epoch: [39][   0/1501]	Time  1.768 ( 1.768)	Data  1.564 ( 1.564)	Loss -1.3524 (-1.3524)
04/20 08:34:59 PM | Lr:0.01 epoch: 40
04/20 08:35:00 PM | Epoch: [40][   0/1501]	Time  1.747 ( 1.747)	Data  1.528 ( 1.528)	Loss -1.5848 (-1.5848)
04/20 08:42:01 PM | Lr:0.01 epoch: 41
04/20 08:42:03 PM | Epoch: [41][   0/1501]	Time  1.719 ( 1.719)	Data  1.516 ( 1.516)	Loss -1.7078 (-1.7078)
04/20 08:49:04 PM | Lr:0.01 epoch: 42
04/20 08:49:05 PM | Epoch: [42][   0/1501]	Time  1.727 ( 1.727)	Data  1.512 ( 1.512)	Loss -1.5463 (-1.5463)
04/20 08:56:06 PM | Lr:0.01 epoch: 43
04/20 08:56:08 PM | Epoch: [43][   0/1501]	Time  1.768 ( 1.768)	Data  1.552 ( 1.552)	Loss -1.7161 (-1.7161)
04/20 09:03:09 PM | Lr:0.01 epoch: 44
04/20 09:03:11 PM | Epoch: [44][   0/1501]	Time  1.740 ( 1.740)	Data  1.526 ( 1.526)	Loss -1.6735 (-1.6735)
04/20 09:10:11 PM | Lr:0.01 epoch: 45
04/20 09:10:13 PM | Epoch: [45][   0/1501]	Time  1.741 ( 1.741)	Data  1.526 ( 1.526)	Loss -1.4298 (-1.4298)
04/20 09:17:14 PM | Lr:0.01 epoch: 46
04/20 09:17:16 PM | Epoch: [46][   0/1501]	Time  1.759 ( 1.759)	Data  1.543 ( 1.543)	Loss -1.6622 (-1.6622)
04/20 09:24:17 PM | Lr:0.01 epoch: 47
04/20 09:24:18 PM | Epoch: [47][   0/1501]	Time  1.758 ( 1.758)	Data  1.555 ( 1.555)	Loss -1.6285 (-1.6285)
04/20 09:31:19 PM | Lr:0.01 epoch: 48
04/20 09:31:21 PM | Epoch: [48][   0/1501]	Time  1.768 ( 1.768)	Data  1.564 ( 1.564)	Loss -1.6921 (-1.6921)
04/20 09:38:21 PM | Lr:0.01 epoch: 49
04/20 09:38:23 PM | Epoch: [49][   0/1501]	Time  1.689 ( 1.689)	Data  1.469 ( 1.469)	Loss -1.6324 (-1.6324)
04/20 09:45:24 PM | Lr:0.01 epoch: 50
04/20 09:45:26 PM | Epoch: [50][   0/1501]	Time  1.703 ( 1.703)	Data  1.500 ( 1.500)	Loss -1.7991 (-1.7991)
04/20 09:52:26 PM | Lr:0.01 epoch: 51
04/20 09:52:28 PM | Epoch: [51][   0/1501]	Time  1.778 ( 1.778)	Data  1.575 ( 1.575)	Loss -1.4871 (-1.4871)
04/20 09:59:29 PM | Lr:0.01 epoch: 52
04/20 09:59:31 PM | Epoch: [52][   0/1501]	Time  1.802 ( 1.802)	Data  1.587 ( 1.587)	Loss -1.6251 (-1.6251)
04/20 10:06:32 PM | Lr:0.01 epoch: 53
04/20 10:06:33 PM | Epoch: [53][   0/1501]	Time  1.611 ( 1.611)	Data  1.404 ( 1.404)	Loss -1.6117 (-1.6117)
04/20 10:13:34 PM | Lr:0.01 epoch: 54
04/20 10:13:36 PM | Epoch: [54][   0/1501]	Time  1.795 ( 1.795)	Data  1.586 ( 1.586)	Loss -1.6701 (-1.6701)
04/20 10:20:36 PM | Lr:0.01 epoch: 55
04/20 10:20:38 PM | Epoch: [55][   0/1501]	Time  1.716 ( 1.716)	Data  1.506 ( 1.506)	Loss -1.6028 (-1.6028)
04/20 10:27:39 PM | Lr:0.01 epoch: 56
04/20 10:27:41 PM | Epoch: [56][   0/1501]	Time  1.723 ( 1.723)	Data  1.517 ( 1.517)	Loss -1.5794 (-1.5794)
04/20 10:34:41 PM | Lr:0.01 epoch: 57
04/20 10:34:43 PM | Epoch: [57][   0/1501]	Time  1.732 ( 1.732)	Data  1.528 ( 1.528)	Loss -1.7973 (-1.7973)
04/20 10:41:44 PM | Lr:0.01 epoch: 58
04/20 10:41:45 PM | Epoch: [58][   0/1501]	Time  1.736 ( 1.736)	Data  1.535 ( 1.535)	Loss -1.5649 (-1.5649)
04/20 10:48:46 PM | Lr:0.01 epoch: 59
04/20 10:48:48 PM | Epoch: [59][   0/1501]	Time  1.784 ( 1.784)	Data  1.567 ( 1.567)	Loss -1.5510 (-1.5510)
04/20 10:55:49 PM | Lr:0.01 epoch: 60
04/20 10:55:50 PM | Epoch: [60][   0/1501]	Time  1.765 ( 1.765)	Data  1.548 ( 1.548)	Loss -1.6035 (-1.6035)
04/20 11:02:51 PM | Lr:0.01 epoch: 61
04/20 11:02:53 PM | Epoch: [61][   0/1501]	Time  1.745 ( 1.745)	Data  1.532 ( 1.532)	Loss -1.6345 (-1.6345)
04/20 11:09:54 PM | Lr:0.01 epoch: 62
04/20 11:09:56 PM | Epoch: [62][   0/1501]	Time  1.758 ( 1.758)	Data  1.532 ( 1.532)	Loss -1.7183 (-1.7183)
04/20 11:16:57 PM | Lr:0.01 epoch: 63
04/20 11:16:58 PM | Epoch: [63][   0/1501]	Time  1.781 ( 1.781)	Data  1.566 ( 1.566)	Loss -1.5434 (-1.5434)
04/20 11:23:59 PM | Lr:0.01 epoch: 64
04/20 11:24:01 PM | Epoch: [64][   0/1501]	Time  1.767 ( 1.767)	Data  1.551 ( 1.551)	Loss -1.5760 (-1.5760)
04/20 11:31:02 PM | Lr:0.01 epoch: 65
04/20 11:31:03 PM | Epoch: [65][   0/1501]	Time  1.291 ( 1.291)	Data  1.075 ( 1.075)	Loss -1.6731 (-1.6731)
04/20 11:38:04 PM | Lr:0.01 epoch: 66
04/20 11:38:05 PM | Epoch: [66][   0/1501]	Time  1.688 ( 1.688)	Data  1.486 ( 1.486)	Loss -1.6049 (-1.6049)
04/20 11:45:06 PM | Lr:0.01 epoch: 67
04/20 11:45:08 PM | Epoch: [67][   0/1501]	Time  1.745 ( 1.745)	Data  1.538 ( 1.538)	Loss -1.5360 (-1.5360)
04/20 11:52:09 PM | Lr:0.01 epoch: 68
04/20 11:52:10 PM | Epoch: [68][   0/1501]	Time  1.734 ( 1.734)	Data  1.529 ( 1.529)	Loss -1.7724 (-1.7724)
04/20 11:59:11 PM | Lr:0.01 epoch: 69
04/20 11:59:13 PM | Epoch: [69][   0/1501]	Time  1.542 ( 1.542)	Data  1.335 ( 1.335)	Loss -1.7994 (-1.7994)
04/21 12:06:14 AM | Lr:0.01 epoch: 70
04/21 12:06:15 AM | Epoch: [70][   0/1501]	Time  1.722 ( 1.722)	Data  1.517 ( 1.517)	Loss -1.7501 (-1.7501)
04/21 12:13:16 AM | Lr:0.01 epoch: 71
04/21 12:13:18 AM | Epoch: [71][   0/1501]	Time  1.756 ( 1.756)	Data  1.539 ( 1.539)	Loss -1.5682 (-1.5682)
04/21 12:20:19 AM | Lr:0.01 epoch: 72
04/21 12:20:21 AM | Epoch: [72][   0/1501]	Time  1.786 ( 1.786)	Data  1.566 ( 1.566)	Loss -1.6452 (-1.6452)
04/21 12:27:21 AM | Lr:0.01 epoch: 73
04/21 12:27:23 AM | Epoch: [73][   0/1501]	Time  1.752 ( 1.752)	Data  1.536 ( 1.536)	Loss -1.7241 (-1.7241)
04/21 12:34:24 AM | Lr:0.01 epoch: 74
04/21 12:34:26 AM | Epoch: [74][   0/1501]	Time  1.766 ( 1.766)	Data  1.543 ( 1.543)	Loss -1.5703 (-1.5703)
04/21 12:41:27 AM | Lr:0.01 epoch: 75
04/21 12:41:28 AM | Epoch: [75][   0/1501]	Time  1.793 ( 1.793)	Data  1.585 ( 1.585)	Loss -1.5247 (-1.5247)
04/21 12:48:30 AM | Lr:0.01 epoch: 76
04/21 12:48:31 AM | Epoch: [76][   0/1501]	Time  1.748 ( 1.748)	Data  1.544 ( 1.544)	Loss -1.5987 (-1.5987)
04/21 12:55:32 AM | Lr:0.01 epoch: 77
04/21 12:55:34 AM | Epoch: [77][   0/1501]	Time  1.644 ( 1.644)	Data  1.420 ( 1.420)	Loss -1.6322 (-1.6322)
04/21 01:02:35 AM | Lr:0.01 epoch: 78
04/21 01:02:36 AM | Epoch: [78][   0/1501]	Time  1.729 ( 1.729)	Data  1.509 ( 1.509)	Loss -1.6653 (-1.6653)
04/21 01:09:37 AM | Lr:0.01 epoch: 79
04/21 01:09:39 AM | Epoch: [79][   0/1501]	Time  1.776 ( 1.776)	Data  1.545 ( 1.545)	Loss -1.6247 (-1.6247)
04/21 01:16:40 AM | Lr:0.01 epoch: 80
04/21 01:16:42 AM | Epoch: [80][   0/1501]	Time  1.739 ( 1.739)	Data  1.532 ( 1.532)	Loss -1.6732 (-1.6732)
04/21 01:23:43 AM | Lr:0.01 epoch: 81
04/21 01:23:45 AM | Epoch: [81][   0/1501]	Time  1.724 ( 1.724)	Data  1.512 ( 1.512)	Loss -1.6239 (-1.6239)
04/21 01:30:46 AM | Lr:0.01 epoch: 82
04/21 01:30:47 AM | Epoch: [82][   0/1501]	Time  1.740 ( 1.740)	Data  1.524 ( 1.524)	Loss -1.6453 (-1.6453)
04/21 01:37:48 AM | Lr:0.01 epoch: 83
04/21 01:37:50 AM | Epoch: [83][   0/1501]	Time  1.789 ( 1.789)	Data  1.567 ( 1.567)	Loss -1.6333 (-1.6333)
04/21 01:44:51 AM | Lr:0.01 epoch: 84
04/21 01:44:53 AM | Epoch: [84][   0/1501]	Time  1.711 ( 1.711)	Data  1.495 ( 1.495)	Loss -1.6346 (-1.6346)
04/21 01:51:54 AM | Lr:0.01 epoch: 85
04/21 01:51:56 AM | Epoch: [85][   0/1501]	Time  1.780 ( 1.780)	Data  1.563 ( 1.563)	Loss -1.5877 (-1.5877)
04/21 01:58:57 AM | Lr:0.01 epoch: 86
04/21 01:58:58 AM | Epoch: [86][   0/1501]	Time  1.756 ( 1.756)	Data  1.546 ( 1.546)	Loss -1.6946 (-1.6946)
04/21 02:05:59 AM | Lr:0.01 epoch: 87
04/21 02:06:01 AM | Epoch: [87][   0/1501]	Time  1.549 ( 1.549)	Data  1.343 ( 1.343)	Loss -1.6140 (-1.6140)
04/21 02:13:02 AM | Lr:0.01 epoch: 88
04/21 02:13:03 AM | Epoch: [88][   0/1501]	Time  1.658 ( 1.658)	Data  1.449 ( 1.449)	Loss -1.7127 (-1.7127)
04/21 02:20:04 AM | Lr:0.01 epoch: 89
04/21 02:20:06 AM | Epoch: [89][   0/1501]	Time  1.675 ( 1.675)	Data  1.467 ( 1.467)	Loss -1.6825 (-1.6825)
04/21 02:27:07 AM | Lr:0.01 epoch: 90
04/21 02:27:08 AM | Epoch: [90][   0/1501]	Time  1.758 ( 1.758)	Data  1.555 ( 1.555)	Loss -1.6152 (-1.6152)
04/21 02:34:09 AM | Lr:0.01 epoch: 91
04/21 02:34:11 AM | Epoch: [91][   0/1501]	Time  1.784 ( 1.784)	Data  1.566 ( 1.566)	Loss -1.7156 (-1.7156)
04/21 02:41:12 AM | Lr:0.01 epoch: 92
04/21 02:41:13 AM | Epoch: [92][   0/1501]	Time  1.736 ( 1.736)	Data  1.519 ( 1.519)	Loss -1.5945 (-1.5945)
04/21 02:48:14 AM | Lr:0.01 epoch: 93
04/21 02:48:16 AM | Epoch: [93][   0/1501]	Time  1.755 ( 1.755)	Data  1.536 ( 1.536)	Loss -1.5946 (-1.5946)
04/21 02:55:17 AM | Lr:0.01 epoch: 94
04/21 02:55:19 AM | Epoch: [94][   0/1501]	Time  1.800 ( 1.800)	Data  1.577 ( 1.577)	Loss -1.7321 (-1.7321)
04/21 03:02:19 AM | Lr:0.01 epoch: 95
04/21 03:02:21 AM | Epoch: [95][   0/1501]	Time  1.514 ( 1.514)	Data  1.299 ( 1.299)	Loss -1.6614 (-1.6614)
04/21 03:09:21 AM | Lr:0.01 epoch: 96
04/21 03:09:23 AM | Epoch: [96][   0/1501]	Time  1.715 ( 1.715)	Data  1.511 ( 1.511)	Loss -1.6569 (-1.6569)
04/21 03:16:24 AM | Lr:0.01 epoch: 97
04/21 03:16:26 AM | Epoch: [97][   0/1501]	Time  1.737 ( 1.737)	Data  1.526 ( 1.526)	Loss -1.6994 (-1.6994)
04/21 03:23:26 AM | Lr:0.01 epoch: 98
04/21 03:23:28 AM | Epoch: [98][   0/1501]	Time  1.804 ( 1.804)	Data  1.586 ( 1.586)	Loss -1.7021 (-1.7021)
04/21 03:30:29 AM | Lr:0.01 epoch: 99
04/21 03:30:31 AM | Epoch: [99][   0/1501]	Time  1.710 ( 1.710)	Data  1.505 ( 1.505)	Loss -1.7085 (-1.7085)
04/21 03:37:32 AM | Lr:0.01 epoch: 100
04/21 03:37:33 AM | Epoch: [100][   0/1501]	Time  1.675 ( 1.675)	Data  1.460 ( 1.460)	Loss -1.6704 (-1.6704)
04/21 03:44:34 AM | Lr:0.01 epoch: 101
04/21 03:44:36 AM | Epoch: [101][   0/1501]	Time  1.765 ( 1.765)	Data  1.544 ( 1.544)	Loss -1.6452 (-1.6452)
04/21 03:51:37 AM | Lr:0.01 epoch: 102
04/21 03:51:39 AM | Epoch: [102][   0/1501]	Time  1.712 ( 1.712)	Data  1.501 ( 1.501)	Loss -1.6782 (-1.6782)
04/21 03:58:39 AM | Lr:0.01 epoch: 103
04/21 03:58:41 AM | Epoch: [103][   0/1501]	Time  1.776 ( 1.776)	Data  1.558 ( 1.558)	Loss -1.6738 (-1.6738)
04/21 04:05:42 AM | Lr:0.01 epoch: 104
04/21 04:05:44 AM | Epoch: [104][   0/1501]	Time  1.816 ( 1.816)	Data  1.612 ( 1.612)	Loss -1.6375 (-1.6375)
04/21 04:12:45 AM | Lr:0.01 epoch: 105
04/21 04:12:47 AM | Epoch: [105][   0/1501]	Time  1.721 ( 1.721)	Data  1.514 ( 1.514)	Loss -1.6057 (-1.6057)
04/21 04:19:47 AM | Lr:0.01 epoch: 106
04/21 04:19:49 AM | Epoch: [106][   0/1501]	Time  1.775 ( 1.775)	Data  1.559 ( 1.559)	Loss -1.7724 (-1.7724)
04/21 04:26:50 AM | Lr:0.01 epoch: 107
04/21 04:26:52 AM | Epoch: [107][   0/1501]	Time  1.766 ( 1.766)	Data  1.559 ( 1.559)	Loss -1.7235 (-1.7235)
04/21 04:33:52 AM | Lr:0.01 epoch: 108
04/21 04:33:54 AM | Epoch: [108][   0/1501]	Time  1.688 ( 1.688)	Data  1.481 ( 1.481)	Loss -1.7397 (-1.7397)
04/21 04:40:55 AM | Lr:0.01 epoch: 109
04/21 04:40:57 AM | Epoch: [109][   0/1501]	Time  1.702 ( 1.702)	Data  1.496 ( 1.496)	Loss -1.7587 (-1.7587)
04/21 04:47:58 AM | Lr:0.01 epoch: 110
04/21 04:47:59 AM | Epoch: [110][   0/1501]	Time  1.779 ( 1.779)	Data  1.570 ( 1.570)	Loss -1.7411 (-1.7411)
04/21 04:55:00 AM | Lr:0.01 epoch: 111
04/21 04:55:02 AM | Epoch: [111][   0/1501]	Time  1.731 ( 1.731)	Data  1.527 ( 1.527)	Loss -1.7214 (-1.7214)
04/21 05:02:03 AM | Lr:0.01 epoch: 112
04/21 05:02:04 AM | Epoch: [112][   0/1501]	Time  1.773 ( 1.773)	Data  1.553 ( 1.553)	Loss -1.6404 (-1.6404)
04/21 05:09:05 AM | Lr:0.01 epoch: 113
04/21 05:09:07 AM | Epoch: [113][   0/1501]	Time  1.734 ( 1.734)	Data  1.529 ( 1.529)	Loss -1.7169 (-1.7169)
04/21 05:16:08 AM | Lr:0.01 epoch: 114
04/21 05:16:10 AM | Epoch: [114][   0/1501]	Time  1.789 ( 1.789)	Data  1.581 ( 1.581)	Loss -1.7753 (-1.7753)
04/21 05:23:10 AM | Lr:0.01 epoch: 115
04/21 05:23:12 AM | Epoch: [115][   0/1501]	Time  1.711 ( 1.711)	Data  1.508 ( 1.508)	Loss -1.6036 (-1.6036)
04/21 05:30:13 AM | Lr:0.01 epoch: 116
04/21 05:30:14 AM | Epoch: [116][   0/1501]	Time  1.731 ( 1.731)	Data  1.516 ( 1.516)	Loss -1.7717 (-1.7717)
04/21 05:37:15 AM | Lr:0.01 epoch: 117
04/21 05:37:17 AM | Epoch: [117][   0/1501]	Time  1.765 ( 1.765)	Data  1.559 ( 1.559)	Loss -1.8120 (-1.8120)
04/21 05:44:18 AM | Lr:0.01 epoch: 118
04/21 05:44:19 AM | Epoch: [118][   0/1501]	Time  1.796 ( 1.796)	Data  1.577 ( 1.577)	Loss -1.8304 (-1.8304)
04/21 05:51:20 AM | Lr:0.01 epoch: 119
04/21 05:51:22 AM | Epoch: [119][   0/1501]	Time  1.803 ( 1.803)	Data  1.580 ( 1.580)	Loss -1.7120 (-1.7120)
04/21 05:58:23 AM | Lr:0.001 epoch: 120
04/21 05:58:25 AM | Epoch: [120][   0/1501]	Time  1.753 ( 1.753)	Data  1.541 ( 1.541)	Loss -1.7162 (-1.7162)
04/21 06:05:25 AM | Lr:0.001 epoch: 121
04/21 06:05:27 AM | Epoch: [121][   0/1501]	Time  1.810 ( 1.810)	Data  1.591 ( 1.591)	Loss -1.7607 (-1.7607)
04/21 06:12:28 AM | Lr:0.001 epoch: 122
04/21 06:12:30 AM | Epoch: [122][   0/1501]	Time  1.744 ( 1.744)	Data  1.524 ( 1.524)	Loss -1.8393 (-1.8393)
04/21 06:19:31 AM | Lr:0.001 epoch: 123
04/21 06:19:33 AM | Epoch: [123][   0/1501]	Time  1.539 ( 1.539)	Data  1.330 ( 1.330)	Loss -1.8287 (-1.8287)
04/21 06:26:33 AM | Lr:0.001 epoch: 124
04/21 06:26:35 AM | Epoch: [124][   0/1501]	Time  1.720 ( 1.720)	Data  1.508 ( 1.508)	Loss -1.8080 (-1.8080)
04/21 06:33:36 AM | Lr:0.001 epoch: 125
04/21 06:33:38 AM | Epoch: [125][   0/1501]	Time  1.824 ( 1.824)	Data  1.616 ( 1.616)	Loss -1.7645 (-1.7645)
04/21 06:40:39 AM | Lr:0.001 epoch: 126
04/21 06:40:40 AM | Epoch: [126][   0/1501]	Time  1.781 ( 1.781)	Data  1.562 ( 1.562)	Loss -1.8410 (-1.8410)
04/21 06:47:41 AM | Lr:0.001 epoch: 127
04/21 06:47:43 AM | Epoch: [127][   0/1501]	Time  1.845 ( 1.845)	Data  1.629 ( 1.629)	Loss -1.7710 (-1.7710)
04/21 06:54:44 AM | Lr:0.001 epoch: 128
04/21 06:54:46 AM | Epoch: [128][   0/1501]	Time  1.762 ( 1.762)	Data  1.559 ( 1.559)	Loss -1.8287 (-1.8287)
04/21 07:01:47 AM | Lr:0.001 epoch: 129
04/21 07:01:48 AM | Epoch: [129][   0/1501]	Time  1.786 ( 1.786)	Data  1.580 ( 1.580)	Loss -1.7708 (-1.7708)
04/21 07:08:49 AM | Lr:0.001 epoch: 130
04/21 07:08:51 AM | Epoch: [130][   0/1501]	Time  1.747 ( 1.747)	Data  1.524 ( 1.524)	Loss -1.8482 (-1.8482)
04/21 07:15:52 AM | Lr:0.001 epoch: 131
04/21 07:15:54 AM | Epoch: [131][   0/1501]	Time  1.734 ( 1.734)	Data  1.529 ( 1.529)	Loss -1.7760 (-1.7760)
04/21 07:22:55 AM | Lr:0.001 epoch: 132
04/21 07:22:57 AM | Epoch: [132][   0/1501]	Time  1.746 ( 1.746)	Data  1.525 ( 1.525)	Loss -1.8072 (-1.8072)
04/21 07:29:57 AM | Lr:0.001 epoch: 133
04/21 07:29:59 AM | Epoch: [133][   0/1501]	Time  1.729 ( 1.729)	Data  1.516 ( 1.516)	Loss -1.8210 (-1.8210)
04/21 07:37:00 AM | Lr:0.001 epoch: 134
04/21 07:37:01 AM | Epoch: [134][   0/1501]	Time  1.727 ( 1.727)	Data  1.516 ( 1.516)	Loss -1.7607 (-1.7607)
04/21 07:44:02 AM | Lr:0.001 epoch: 135
04/21 07:44:04 AM | Epoch: [135][   0/1501]	Time  1.705 ( 1.705)	Data  1.499 ( 1.499)	Loss -1.7703 (-1.7703)
04/21 07:51:05 AM | Lr:0.001 epoch: 136
04/21 07:51:07 AM | Epoch: [136][   0/1501]	Time  1.793 ( 1.793)	Data  1.566 ( 1.566)	Loss -1.7325 (-1.7325)
04/21 07:58:08 AM | Lr:0.001 epoch: 137
04/21 07:58:09 AM | Epoch: [137][   0/1501]	Time  1.706 ( 1.706)	Data  1.502 ( 1.502)	Loss -1.8395 (-1.8395)
04/21 08:05:10 AM | Lr:0.001 epoch: 138
04/21 08:05:12 AM | Epoch: [138][   0/1501]	Time  1.758 ( 1.758)	Data  1.549 ( 1.549)	Loss -1.6900 (-1.6900)
04/21 08:12:13 AM | Lr:0.001 epoch: 139
04/21 08:12:14 AM | Epoch: [139][   0/1501]	Time  1.764 ( 1.764)	Data  1.543 ( 1.543)	Loss -1.7610 (-1.7610)
04/21 08:19:15 AM | Lr:0.001 epoch: 140
04/21 08:19:17 AM | Epoch: [140][   0/1501]	Time  1.781 ( 1.781)	Data  1.561 ( 1.561)	Loss -1.6653 (-1.6653)
04/21 08:26:18 AM | Lr:0.001 epoch: 141
04/21 08:26:20 AM | Epoch: [141][   0/1501]	Time  1.849 ( 1.849)	Data  1.632 ( 1.632)	Loss -1.8154 (-1.8154)
04/21 08:33:21 AM | Lr:0.001 epoch: 142
04/21 08:33:23 AM | Epoch: [142][   0/1501]	Time  1.764 ( 1.764)	Data  1.546 ( 1.546)	Loss -1.7787 (-1.7787)
04/21 08:40:23 AM | Lr:0.001 epoch: 143
04/21 08:40:25 AM | Epoch: [143][   0/1501]	Time  1.775 ( 1.775)	Data  1.555 ( 1.555)	Loss -1.8007 (-1.8007)
04/21 08:47:26 AM | Lr:0.001 epoch: 144
04/21 08:47:27 AM | Epoch: [144][   0/1501]	Time  1.490 ( 1.490)	Data  1.286 ( 1.286)	Loss -1.8367 (-1.8367)
04/21 08:54:28 AM | Lr:0.001 epoch: 145
04/21 08:54:30 AM | Epoch: [145][   0/1501]	Time  1.742 ( 1.742)	Data  1.523 ( 1.523)	Loss -1.8493 (-1.8493)
04/21 09:01:31 AM | Lr:0.001 epoch: 146
04/21 09:01:33 AM | Epoch: [146][   0/1501]	Time  1.736 ( 1.736)	Data  1.511 ( 1.511)	Loss -1.7847 (-1.7847)
04/21 09:08:34 AM | Lr:0.001 epoch: 147
04/21 09:08:35 AM | Epoch: [147][   0/1501]	Time  1.387 ( 1.387)	Data  1.175 ( 1.175)	Loss -1.8641 (-1.8641)
04/21 09:15:36 AM | Lr:0.001 epoch: 148
04/21 09:15:38 AM | Epoch: [148][   0/1501]	Time  1.741 ( 1.741)	Data  1.538 ( 1.538)	Loss -1.7283 (-1.7283)
04/21 09:22:39 AM | Lr:0.001 epoch: 149
04/21 09:22:40 AM | Epoch: [149][   0/1501]	Time  1.694 ( 1.694)	Data  1.489 ( 1.489)	Loss -1.8559 (-1.8559)
04/21 09:29:41 AM | Lr:0.001 epoch: 150
04/21 09:29:43 AM | Epoch: [150][   0/1501]	Time  1.806 ( 1.806)	Data  1.596 ( 1.596)	Loss -1.8364 (-1.8364)
04/21 09:36:44 AM | Lr:0.001 epoch: 151
04/21 09:36:45 AM | Epoch: [151][   0/1501]	Time  1.709 ( 1.709)	Data  1.497 ( 1.497)	Loss -1.7732 (-1.7732)
04/21 09:43:46 AM | Lr:0.001 epoch: 152
04/21 09:43:48 AM | Epoch: [152][   0/1501]	Time  1.800 ( 1.800)	Data  1.595 ( 1.595)	Loss -1.8130 (-1.8130)
04/21 09:50:49 AM | Lr:0.001 epoch: 153
04/21 09:50:50 AM | Epoch: [153][   0/1501]	Time  1.369 ( 1.369)	Data  1.163 ( 1.163)	Loss -1.7944 (-1.7944)
04/21 09:57:51 AM | Lr:0.001 epoch: 154
04/21 09:57:53 AM | Epoch: [154][   0/1501]	Time  1.725 ( 1.725)	Data  1.506 ( 1.506)	Loss -1.8852 (-1.8852)
04/21 10:04:53 AM | Lr:0.001 epoch: 155
04/21 10:04:55 AM | Epoch: [155][   0/1501]	Time  1.695 ( 1.695)	Data  1.476 ( 1.476)	Loss -1.8411 (-1.8411)
04/21 10:11:56 AM | Lr:0.001 epoch: 156
04/21 10:11:58 AM | Epoch: [156][   0/1501]	Time  1.736 ( 1.736)	Data  1.520 ( 1.520)	Loss -1.7262 (-1.7262)
04/21 10:18:58 AM | Lr:0.001 epoch: 157
04/21 10:19:00 AM | Epoch: [157][   0/1501]	Time  1.766 ( 1.766)	Data  1.545 ( 1.545)	Loss -1.7702 (-1.7702)
04/21 10:26:01 AM | Lr:0.001 epoch: 158
04/21 10:26:03 AM | Epoch: [158][   0/1501]	Time  1.755 ( 1.755)	Data  1.535 ( 1.535)	Loss -1.8237 (-1.8237)
04/21 10:33:04 AM | Lr:0.001 epoch: 159
04/21 10:33:05 AM | Epoch: [159][   0/1501]	Time  1.719 ( 1.719)	Data  1.513 ( 1.513)	Loss -1.8080 (-1.8080)
04/21 10:40:06 AM | Lr:0.0001 epoch: 160
04/21 10:40:08 AM | Epoch: [160][   0/1501]	Time  1.724 ( 1.724)	Data  1.514 ( 1.514)	Loss -1.8270 (-1.8270)
04/21 10:47:09 AM | Lr:0.0001 epoch: 161
04/21 10:47:10 AM | Epoch: [161][   0/1501]	Time  1.776 ( 1.776)	Data  1.558 ( 1.558)	Loss -1.7857 (-1.7857)
04/21 10:54:11 AM | Lr:0.0001 epoch: 162
04/21 10:54:13 AM | Epoch: [162][   0/1501]	Time  1.767 ( 1.767)	Data  1.562 ( 1.562)	Loss -1.8283 (-1.8283)
04/21 11:01:14 AM | Lr:0.0001 epoch: 163
04/21 11:01:15 AM | Epoch: [163][   0/1501]	Time  1.638 ( 1.638)	Data  1.415 ( 1.415)	Loss -1.8880 (-1.8880)
04/21 11:08:16 AM | Lr:0.0001 epoch: 164
04/21 11:08:18 AM | Epoch: [164][   0/1501]	Time  1.723 ( 1.723)	Data  1.518 ( 1.518)	Loss -1.7698 (-1.7698)
04/21 11:15:19 AM | Lr:0.0001 epoch: 165
04/21 11:15:20 AM | Epoch: [165][   0/1501]	Time  1.697 ( 1.697)	Data  1.474 ( 1.474)	Loss -1.8320 (-1.8320)
04/21 11:22:21 AM | Lr:0.0001 epoch: 166
04/21 11:22:23 AM | Epoch: [166][   0/1501]	Time  1.720 ( 1.720)	Data  1.510 ( 1.510)	Loss -1.8476 (-1.8476)
04/21 11:29:24 AM | Lr:0.0001 epoch: 167
04/21 11:29:26 AM | Epoch: [167][   0/1501]	Time  1.830 ( 1.830)	Data  1.626 ( 1.626)	Loss -1.8764 (-1.8764)
04/21 11:36:27 AM | Lr:0.0001 epoch: 168
04/21 11:36:28 AM | Epoch: [168][   0/1501]	Time  1.904 ( 1.904)	Data  1.690 ( 1.690)	Loss -1.7964 (-1.7964)
04/21 11:43:29 AM | Lr:0.0001 epoch: 169
04/21 11:43:31 AM | Epoch: [169][   0/1501]	Time  1.786 ( 1.786)	Data  1.578 ( 1.578)	Loss -1.8386 (-1.8386)
04/21 11:50:32 AM | Lr:0.0001 epoch: 170
04/21 11:50:33 AM | Epoch: [170][   0/1501]	Time  1.391 ( 1.391)	Data  1.185 ( 1.185)	Loss -1.8002 (-1.8002)
04/21 11:57:34 AM | Lr:0.0001 epoch: 171
04/21 11:57:36 AM | Epoch: [171][   0/1501]	Time  1.740 ( 1.740)	Data  1.533 ( 1.533)	Loss -1.8410 (-1.8410)
04/21 12:04:37 PM | Lr:0.0001 epoch: 172
04/21 12:04:38 PM | Epoch: [172][   0/1501]	Time  1.720 ( 1.720)	Data  1.516 ( 1.516)	Loss -1.8790 (-1.8790)
04/21 12:11:39 PM | Lr:0.0001 epoch: 173
04/21 12:11:41 PM | Epoch: [173][   0/1501]	Time  1.748 ( 1.748)	Data  1.540 ( 1.540)	Loss -1.8825 (-1.8825)
04/21 12:18:42 PM | Lr:0.0001 epoch: 174
04/21 12:18:43 PM | Epoch: [174][   0/1501]	Time  1.748 ( 1.748)	Data  1.543 ( 1.543)	Loss -1.8341 (-1.8341)
04/21 12:25:44 PM | Lr:0.0001 epoch: 175
04/21 12:25:46 PM | Epoch: [175][   0/1501]	Time  1.735 ( 1.735)	Data  1.527 ( 1.527)	Loss -1.8198 (-1.8198)
04/21 12:32:47 PM | Lr:0.0001 epoch: 176
04/21 12:32:48 PM | Epoch: [176][   0/1501]	Time  1.728 ( 1.728)	Data  1.513 ( 1.513)	Loss -1.9109 (-1.9109)
04/21 12:39:49 PM | Lr:0.0001 epoch: 177
04/21 12:39:51 PM | Epoch: [177][   0/1501]	Time  1.707 ( 1.707)	Data  1.502 ( 1.502)	Loss -1.8290 (-1.8290)
04/21 12:46:52 PM | Lr:0.0001 epoch: 178
04/21 12:46:53 PM | Epoch: [178][   0/1501]	Time  1.766 ( 1.766)	Data  1.550 ( 1.550)	Loss -1.8362 (-1.8362)
04/21 12:53:54 PM | Lr:0.0001 epoch: 179
04/21 12:53:56 PM | Epoch: [179][   0/1501]	Time  1.781 ( 1.781)	Data  1.571 ( 1.571)	Loss -1.7444 (-1.7444)
04/21 01:00:57 PM | Lr:0.0001 epoch: 180
04/21 01:00:58 PM | Epoch: [180][   0/1501]	Time  1.738 ( 1.738)	Data  1.533 ( 1.533)	Loss -1.8931 (-1.8931)
04/21 01:07:59 PM | Lr:0.0001 epoch: 181
04/21 01:08:01 PM | Epoch: [181][   0/1501]	Time  1.721 ( 1.721)	Data  1.499 ( 1.499)	Loss -1.8283 (-1.8283)
04/21 01:15:02 PM | Lr:0.0001 epoch: 182
04/21 01:15:03 PM | Epoch: [182][   0/1501]	Time  1.457 ( 1.457)	Data  1.251 ( 1.251)	Loss -1.8721 (-1.8721)
04/21 01:22:04 PM | Lr:0.0001 epoch: 183
04/21 01:22:06 PM | Epoch: [183][   0/1501]	Time  1.741 ( 1.741)	Data  1.529 ( 1.529)	Loss -1.8107 (-1.8107)
04/21 01:29:06 PM | Lr:0.0001 epoch: 184
04/21 01:29:08 PM | Epoch: [184][   0/1501]	Time  1.726 ( 1.726)	Data  1.514 ( 1.514)	Loss -1.8697 (-1.8697)
04/21 01:36:09 PM | Lr:0.0001 epoch: 185
04/21 01:36:10 PM | Epoch: [185][   0/1501]	Time  1.753 ( 1.753)	Data  1.551 ( 1.551)	Loss -1.8121 (-1.8121)
04/21 01:43:11 PM | Lr:0.0001 epoch: 186
04/21 01:43:13 PM | Epoch: [186][   0/1501]	Time  1.757 ( 1.757)	Data  1.535 ( 1.535)	Loss -1.8031 (-1.8031)
04/21 01:50:13 PM | Lr:0.0001 epoch: 187
04/21 01:50:15 PM | Epoch: [187][   0/1501]	Time  1.722 ( 1.722)	Data  1.516 ( 1.516)	Loss -1.8756 (-1.8756)
04/21 01:57:16 PM | Lr:0.0001 epoch: 188
04/21 01:57:18 PM | Epoch: [188][   0/1501]	Time  1.740 ( 1.740)	Data  1.528 ( 1.528)	Loss -1.8813 (-1.8813)
04/21 02:04:18 PM | Lr:0.0001 epoch: 189
04/21 02:04:20 PM | Epoch: [189][   0/1501]	Time  1.685 ( 1.685)	Data  1.478 ( 1.478)	Loss -1.8951 (-1.8951)
04/21 02:11:21 PM | Lr:0.0001 epoch: 190
04/21 02:11:22 PM | Epoch: [190][   0/1501]	Time  1.723 ( 1.723)	Data  1.517 ( 1.517)	Loss -1.8483 (-1.8483)
04/21 02:18:23 PM | Lr:0.0001 epoch: 191
04/21 02:18:25 PM | Epoch: [191][   0/1501]	Time  1.688 ( 1.688)	Data  1.466 ( 1.466)	Loss -1.8022 (-1.8022)
04/21 02:25:26 PM | Lr:0.0001 epoch: 192
04/21 02:25:27 PM | Epoch: [192][   0/1501]	Time  1.784 ( 1.784)	Data  1.564 ( 1.564)	Loss -1.8101 (-1.8101)
04/21 02:32:28 PM | Lr:0.0001 epoch: 193
04/21 02:32:30 PM | Epoch: [193][   0/1501]	Time  1.695 ( 1.695)	Data  1.475 ( 1.475)	Loss -1.8004 (-1.8004)
04/21 02:39:30 PM | Lr:0.0001 epoch: 194
04/21 02:39:32 PM | Epoch: [194][   0/1501]	Time  1.730 ( 1.730)	Data  1.513 ( 1.513)	Loss -1.8706 (-1.8706)
04/21 02:46:33 PM | Lr:0.0001 epoch: 195
04/21 02:46:34 PM | Epoch: [195][   0/1501]	Time  1.713 ( 1.713)	Data  1.499 ( 1.499)	Loss -1.8133 (-1.8133)
04/21 02:53:35 PM | Lr:0.0001 epoch: 196
04/21 02:53:37 PM | Epoch: [196][   0/1501]	Time  1.744 ( 1.744)	Data  1.526 ( 1.526)	Loss -1.8638 (-1.8638)
04/21 03:00:38 PM | Lr:0.0001 epoch: 197
04/21 03:00:39 PM | Epoch: [197][   0/1501]	Time  1.804 ( 1.804)	Data  1.591 ( 1.591)	Loss -1.7949 (-1.7949)
04/21 03:07:40 PM | Lr:0.0001 epoch: 198
04/21 03:07:42 PM | Epoch: [198][   0/1501]	Time  1.740 ( 1.740)	Data  1.526 ( 1.526)	Loss -1.8652 (-1.8652)
04/21 03:14:42 PM | Lr:0.0001 epoch: 199
04/21 03:14:44 PM | Epoch: [199][   0/1501]	Time  1.750 ( 1.750)	Data  1.535 ( 1.535)	Loss -1.8024 (-1.8024)
04/21 03:21:45 PM | Lr:0.0001 epoch: 200
04/21 03:21:46 PM | Epoch: [200][   0/1501]	Time  1.719 ( 1.719)	Data  1.489 ( 1.489)	Loss -1.7556 (-1.7556)
04/21 03:28:47 PM | Lr:0.0001 epoch: 201
04/21 03:28:49 PM | Epoch: [201][   0/1501]	Time  1.732 ( 1.732)	Data  1.528 ( 1.528)	Loss -1.8829 (-1.8829)
04/21 03:35:50 PM | Lr:0.0001 epoch: 202
04/21 03:35:51 PM | Epoch: [202][   0/1501]	Time  1.725 ( 1.725)	Data  1.505 ( 1.505)	Loss -1.8517 (-1.8517)
04/21 03:42:52 PM | Lr:0.0001 epoch: 203
04/21 03:42:54 PM | Epoch: [203][   0/1501]	Time  1.720 ( 1.720)	Data  1.499 ( 1.499)	Loss -1.8186 (-1.8186)
04/21 03:49:54 PM | Lr:0.0001 epoch: 204
04/21 03:49:56 PM | Epoch: [204][   0/1501]	Time  1.759 ( 1.759)	Data  1.548 ( 1.548)	Loss -1.8216 (-1.8216)
04/21 03:56:57 PM | Lr:0.0001 epoch: 205
04/21 03:56:58 PM | Epoch: [205][   0/1501]	Time  1.713 ( 1.713)	Data  1.498 ( 1.498)	Loss -1.8416 (-1.8416)
04/21 04:03:59 PM | Lr:0.0001 epoch: 206
04/21 04:04:01 PM | Epoch: [206][   0/1501]	Time  1.768 ( 1.768)	Data  1.564 ( 1.564)	Loss -1.8016 (-1.8016)
04/21 04:11:02 PM | Lr:0.0001 epoch: 207
04/21 04:11:03 PM | Epoch: [207][   0/1501]	Time  1.707 ( 1.707)	Data  1.491 ( 1.491)	Loss -1.7728 (-1.7728)
04/21 04:18:04 PM | Lr:0.0001 epoch: 208
04/21 04:18:06 PM | Epoch: [208][   0/1501]	Time  1.782 ( 1.782)	Data  1.578 ( 1.578)	Loss -1.7680 (-1.7680)
04/21 09:08:40 PM | Lr:0.0001 epoch: 208
04/21 09:08:57 PM | Epoch: [208][   0/1501]	Time 16.079 (16.079)	Data 13.156 (13.156)	Loss -1.8502 (-1.8502)
04/21 09:25:32 PM | Lr:0.0001 epoch: 209
04/21 09:25:34 PM | Epoch: [209][   0/1501]	Time  1.738 ( 1.738)	Data  1.519 ( 1.519)	Loss -1.7673 (-1.7673)
04/21 09:32:34 PM | Lr:0.0001 epoch: 210
04/21 09:32:36 PM | Epoch: [210][   0/1501]	Time  1.789 ( 1.789)	Data  1.572 ( 1.572)	Loss -1.8391 (-1.8391)
04/21 09:39:36 PM | Lr:0.0001 epoch: 211
04/21 09:39:38 PM | Epoch: [211][   0/1501]	Time  1.735 ( 1.735)	Data  1.507 ( 1.507)	Loss -1.8590 (-1.8590)
04/21 09:46:39 PM | Lr:0.0001 epoch: 212
04/21 09:46:41 PM | Epoch: [212][   0/1501]	Time  1.755 ( 1.755)	Data  1.537 ( 1.537)	Loss -1.7704 (-1.7704)
04/21 09:53:41 PM | Lr:0.0001 epoch: 213
04/21 09:53:43 PM | Epoch: [213][   0/1501]	Time  1.782 ( 1.782)	Data  1.564 ( 1.564)	Loss -1.8603 (-1.8603)
04/21 10:00:44 PM | Lr:0.0001 epoch: 214
04/21 10:00:45 PM | Epoch: [214][   0/1501]	Time  1.715 ( 1.715)	Data  1.496 ( 1.496)	Loss -1.8094 (-1.8094)
04/21 10:07:46 PM | Lr:0.0001 epoch: 215
04/21 10:07:48 PM | Epoch: [215][   0/1501]	Time  1.791 ( 1.791)	Data  1.566 ( 1.566)	Loss -1.8115 (-1.8115)
04/21 10:14:49 PM | Lr:0.0001 epoch: 216
04/21 10:14:51 PM | Epoch: [216][   0/1501]	Time  1.857 ( 1.857)	Data  1.639 ( 1.639)	Loss -1.8554 (-1.8554)
04/21 10:21:51 PM | Lr:0.0001 epoch: 217
04/21 10:21:53 PM | Epoch: [217][   0/1501]	Time  1.843 ( 1.843)	Data  1.631 ( 1.631)	Loss -1.7531 (-1.7531)
04/21 10:28:54 PM | Lr:0.0001 epoch: 218
04/21 10:28:55 PM | Epoch: [218][   0/1501]	Time  1.694 ( 1.694)	Data  1.484 ( 1.484)	Loss -1.7358 (-1.7358)
04/21 10:35:56 PM | Lr:0.0001 epoch: 219
04/21 10:35:58 PM | Epoch: [219][   0/1501]	Time  1.718 ( 1.718)	Data  1.501 ( 1.501)	Loss -1.8622 (-1.8622)
04/21 10:42:58 PM | Lr:0.0001 epoch: 220
04/21 10:43:00 PM | Epoch: [220][   0/1501]	Time  1.768 ( 1.768)	Data  1.560 ( 1.560)	Loss -1.8470 (-1.8470)
04/21 10:50:01 PM | Lr:0.0001 epoch: 221
04/21 10:50:03 PM | Epoch: [221][   0/1501]	Time  1.712 ( 1.712)	Data  1.508 ( 1.508)	Loss -1.8174 (-1.8174)
04/21 10:57:03 PM | Lr:0.0001 epoch: 222
04/21 10:57:05 PM | Epoch: [222][   0/1501]	Time  1.712 ( 1.712)	Data  1.508 ( 1.508)	Loss -1.7571 (-1.7571)
04/21 11:04:06 PM | Lr:0.0001 epoch: 223
04/21 11:04:08 PM | Epoch: [223][   0/1501]	Time  1.821 ( 1.821)	Data  1.612 ( 1.612)	Loss -1.8827 (-1.8827)
04/21 11:11:08 PM | Lr:0.0001 epoch: 224
04/21 11:11:10 PM | Epoch: [224][   0/1501]	Time  1.720 ( 1.720)	Data  1.502 ( 1.502)	Loss -1.8062 (-1.8062)
04/21 11:18:11 PM | Lr:0.0001 epoch: 225
04/21 11:18:12 PM | Epoch: [225][   0/1501]	Time  1.692 ( 1.692)	Data  1.473 ( 1.473)	Loss -1.7973 (-1.7973)
04/21 11:25:13 PM | Lr:0.0001 epoch: 226
04/21 11:25:15 PM | Epoch: [226][   0/1501]	Time  1.764 ( 1.764)	Data  1.557 ( 1.557)	Loss -1.7866 (-1.7866)
04/21 11:32:16 PM | Lr:0.0001 epoch: 227
04/21 11:32:17 PM | Epoch: [227][   0/1501]	Time  1.748 ( 1.748)	Data  1.544 ( 1.544)	Loss -1.7448 (-1.7448)
04/21 11:39:18 PM | Lr:0.0001 epoch: 228
04/21 11:39:20 PM | Epoch: [228][   0/1501]	Time  1.705 ( 1.705)	Data  1.503 ( 1.503)	Loss -1.8615 (-1.8615)
04/21 11:46:20 PM | Lr:0.0001 epoch: 229
04/21 11:46:22 PM | Epoch: [229][   0/1501]	Time  1.709 ( 1.709)	Data  1.489 ( 1.489)	Loss -1.7231 (-1.7231)
04/21 11:53:23 PM | Lr:0.0001 epoch: 230
04/21 11:53:24 PM | Epoch: [230][   0/1501]	Time  1.856 ( 1.856)	Data  1.653 ( 1.653)	Loss -1.7712 (-1.7712)
04/22 12:00:25 AM | Lr:0.0001 epoch: 231
04/22 12:00:27 AM | Epoch: [231][   0/1501]	Time  1.789 ( 1.789)	Data  1.584 ( 1.584)	Loss -1.8382 (-1.8382)
04/22 12:07:28 AM | Lr:0.0001 epoch: 232
04/22 12:07:29 AM | Epoch: [232][   0/1501]	Time  1.730 ( 1.730)	Data  1.511 ( 1.511)	Loss -1.8260 (-1.8260)
04/22 12:14:30 AM | Lr:0.0001 epoch: 233
04/22 12:14:32 AM | Epoch: [233][   0/1501]	Time  1.710 ( 1.710)	Data  1.499 ( 1.499)	Loss -1.8402 (-1.8402)
04/22 12:21:32 AM | Lr:0.0001 epoch: 234
04/22 12:21:34 AM | Epoch: [234][   0/1501]	Time  1.756 ( 1.756)	Data  1.535 ( 1.535)	Loss -1.8240 (-1.8240)
04/22 12:28:35 AM | Lr:0.0001 epoch: 235
04/22 12:28:36 AM | Epoch: [235][   0/1501]	Time  1.510 ( 1.510)	Data  1.305 ( 1.305)	Loss -1.7856 (-1.7856)
04/22 12:35:37 AM | Lr:0.0001 epoch: 236
04/22 12:35:39 AM | Epoch: [236][   0/1501]	Time  1.726 ( 1.726)	Data  1.510 ( 1.510)	Loss -1.9035 (-1.9035)
04/22 12:42:39 AM | Lr:0.0001 epoch: 237
04/22 12:42:41 AM | Epoch: [237][   0/1501]	Time  1.638 ( 1.638)	Data  1.422 ( 1.422)	Loss -1.7876 (-1.7876)
04/22 12:49:42 AM | Lr:0.0001 epoch: 238
04/22 12:49:43 AM | Epoch: [238][   0/1501]	Time  1.748 ( 1.748)	Data  1.543 ( 1.543)	Loss -1.8490 (-1.8490)
04/22 12:56:44 AM | Lr:0.0001 epoch: 239
04/22 12:56:46 AM | Epoch: [239][   0/1501]	Time  1.767 ( 1.767)	Data  1.548 ( 1.548)	Loss -1.9155 (-1.9155)
04/22 01:03:47 AM | Lr:0.0001 epoch: 240
04/22 01:03:48 AM | Epoch: [240][   0/1501]	Time  1.726 ( 1.726)	Data  1.521 ( 1.521)	Loss -1.7811 (-1.7811)
04/22 01:10:49 AM | Lr:0.0001 epoch: 241
04/22 01:10:51 AM | Epoch: [241][   0/1501]	Time  1.699 ( 1.699)	Data  1.478 ( 1.478)	Loss -1.8311 (-1.8311)
04/22 01:17:51 AM | Lr:0.0001 epoch: 242
04/22 01:17:53 AM | Epoch: [242][   0/1501]	Time  1.616 ( 1.616)	Data  1.412 ( 1.412)	Loss -1.8635 (-1.8635)
04/22 01:24:53 AM | Lr:0.0001 epoch: 243
04/22 01:24:55 AM | Epoch: [243][   0/1501]	Time  1.733 ( 1.733)	Data  1.514 ( 1.514)	Loss -1.8600 (-1.8600)
04/22 01:31:56 AM | Lr:0.0001 epoch: 244
04/22 01:31:57 AM | Epoch: [244][   0/1501]	Time  1.772 ( 1.772)	Data  1.552 ( 1.552)	Loss -1.8504 (-1.8504)
04/22 01:38:58 AM | Lr:0.0001 epoch: 245
04/22 01:39:00 AM | Epoch: [245][   0/1501]	Time  1.749 ( 1.749)	Data  1.542 ( 1.542)	Loss -1.8918 (-1.8918)
04/22 01:46:01 AM | Lr:0.0001 epoch: 246
04/22 01:46:03 AM | Epoch: [246][   0/1501]	Time  1.748 ( 1.748)	Data  1.531 ( 1.531)	Loss -1.8571 (-1.8571)
04/22 01:53:03 AM | Lr:0.0001 epoch: 247
04/22 01:53:05 AM | Epoch: [247][   0/1501]	Time  1.713 ( 1.713)	Data  1.510 ( 1.510)	Loss -1.7691 (-1.7691)
04/22 02:00:06 AM | Lr:0.0001 epoch: 248
04/22 02:00:07 AM | Epoch: [248][   0/1501]	Time  1.681 ( 1.681)	Data  1.462 ( 1.462)	Loss -1.8815 (-1.8815)
04/22 02:07:08 AM | Lr:0.0001 epoch: 249
04/22 02:07:10 AM | Epoch: [249][   0/1501]	Time  1.734 ( 1.734)	Data  1.528 ( 1.528)	Loss -1.8603 (-1.8603)
04/22 02:14:11 AM | Feature maps Extraction:
04/22 06:04:45 PM | Feature maps Extraction:
04/22 06:21:15 PM | Feature maps Extraction:
04/22 06:28:51 PM | Feature maps Extraction:
04/22 06:45:28 PM | Feature maps Extraction:
04/23 09:05:30 AM | Feature maps Extraction:
04/23 09:18:17 AM | Feature maps Extraction:
04/23 09:26:46 AM | Feature maps Extraction:
